2026-02-21 17:13:29,625 - script_name - INFO - ====================================================
2026-02-21 17:13:29,625 - script_name - INFO - KEY: custom_cnn_results
2026-02-21 17:13:29,625 - script_name - INFO - ----------------------------------------------------
2026-02-21 17:13:29,625 - script_name - INFO - Train Accuracy : 0.9972058534622192
2026-02-21 17:13:29,625 - script_name - INFO - Val Accuracy   : 0.1541176438331604
2026-02-21 17:13:29,625 - script_name - INFO - Test Accuracy  : 0.13823530077934265
2026-02-21 17:13:29,625 - script_name - INFO - Train Loss : 0.05283799022436142
2026-02-21 17:13:29,625 - script_name - INFO - Val Loss   : 4.522773265838623
2026-02-21 17:13:29,625 - script_name - INFO - Test Loss  : 4.7284464836120605
2026-02-21 17:13:29,625 - script_name - INFO - Confusion Matrix:
2026-02-21 17:13:29,625 - script_name - INFO - [3, 1, 1, 0, 0, 0, 1, 0, 0, 0, 0, 0, 0, 0, 0, 1, 0, 1, 0, 0, 0, 1, 0, 0, 0, 0, 0, 0, 0, 0, 0, 0, 1, 0]
2026-02-21 17:13:29,625 - script_name - INFO - [1, 0, 0, 0, 0, 0, 1, 1, 1, 0, 0, 0, 0, 0, 0, 2, 1, 0, 0, 1, 0, 0, 0, 0, 0, 0, 0, 0, 0, 1, 1, 0, 0, 0]
2026-02-21 17:13:29,625 - script_name - INFO - [0, 0, 5, 0, 1, 1, 1, 1, 0, 0, 0, 0, 0, 0, 0, 0, 0, 0, 0, 0, 0, 0, 0, 0, 0, 0, 0, 0, 0, 0, 0, 0, 0, 1]
2026-02-21 17:13:29,625 - script_name - INFO - [0, 0, 0, 1, 2, 0, 0, 0, 0, 0, 2, 0, 0, 0, 0, 0, 1, 0, 0, 0, 0, 0, 0, 1, 0, 0, 1, 0, 0, 0, 0, 1, 1, 0]
2026-02-21 17:13:29,625 - script_name - INFO - [0, 0, 0, 1, 1, 1, 0, 1, 0, 1, 0, 0, 0, 0, 0, 0, 0, 1, 2, 0, 0, 0, 1, 0, 0, 0, 0, 0, 0, 0, 0, 0, 1, 0]
2026-02-21 17:13:29,625 - script_name - INFO - [0, 1, 0, 1, 0, 0, 1, 2, 0, 1, 0, 0, 0, 0, 0, 0, 0, 0, 0, 0, 0, 0, 0, 0, 0, 0, 0, 0, 0, 0, 3, 0, 1, 0]
2026-02-21 17:13:29,625 - script_name - INFO - [0, 1, 1, 0, 0, 0, 1, 1, 0, 0, 0, 0, 0, 0, 0, 0, 0, 0, 2, 1, 0, 2, 0, 0, 0, 1, 0, 0, 0, 0, 0, 0, 0, 0]
2026-02-21 17:13:29,625 - script_name - INFO - [1, 0, 0, 0, 0, 2, 1, 1, 0, 1, 0, 0, 0, 0, 0, 1, 0, 0, 0, 0, 0, 0, 1, 0, 0, 0, 0, 1, 0, 0, 0, 0, 0, 1]
2026-02-21 17:13:29,625 - script_name - INFO - [1, 0, 1, 0, 0, 0, 0, 0, 0, 1, 0, 0, 0, 1, 0, 0, 0, 0, 0, 2, 0, 0, 0, 0, 1, 0, 0, 1, 0, 0, 1, 0, 1, 0]
2026-02-21 17:13:29,625 - script_name - INFO - [0, 1, 0, 0, 1, 0, 0, 0, 0, 4, 0, 0, 0, 1, 0, 0, 0, 0, 1, 0, 0, 0, 0, 0, 0, 0, 0, 0, 1, 0, 0, 1, 0, 0]
2026-02-21 17:13:29,625 - script_name - INFO - [0, 0, 0, 0, 0, 0, 0, 0, 0, 0, 1, 0, 0, 0, 2, 0, 1, 0, 0, 0, 2, 0, 0, 1, 0, 0, 0, 1, 0, 0, 0, 1, 0, 1]
2026-02-21 17:13:29,625 - script_name - INFO - [0, 1, 1, 0, 0, 1, 0, 1, 0, 0, 0, 0, 0, 0, 0, 0, 0, 0, 0, 1, 1, 1, 0, 0, 1, 0, 0, 0, 0, 1, 1, 0, 0, 0]
2026-02-21 17:13:29,625 - script_name - INFO - [0, 0, 0, 0, 0, 1, 0, 1, 0, 0, 0, 0, 1, 0, 1, 0, 0, 0, 0, 0, 1, 2, 0, 1, 0, 1, 0, 0, 0, 0, 0, 0, 1, 0]
2026-02-21 17:13:29,625 - script_name - INFO - [1, 0, 0, 0, 0, 1, 0, 0, 1, 0, 0, 0, 0, 2, 0, 0, 0, 0, 0, 0, 0, 0, 0, 0, 0, 0, 0, 0, 2, 0, 0, 1, 0, 2]
2026-02-21 17:13:29,625 - script_name - INFO - [0, 0, 0, 0, 0, 0, 0, 0, 0, 0, 0, 0, 0, 0, 0, 0, 3, 0, 0, 0, 2, 0, 0, 0, 0, 1, 1, 0, 1, 0, 1, 0, 1, 0]
2026-02-21 17:13:29,625 - script_name - INFO - [0, 0, 0, 0, 0, 0, 0, 0, 1, 0, 0, 0, 0, 0, 0, 1, 1, 0, 0, 1, 1, 0, 0, 0, 0, 0, 0, 0, 1, 1, 2, 0, 1, 0]
2026-02-21 17:13:29,625 - script_name - INFO - [0, 0, 0, 0, 1, 0, 1, 0, 0, 0, 1, 0, 0, 0, 0, 1, 1, 1, 0, 0, 1, 0, 0, 0, 0, 0, 1, 0, 0, 0, 0, 2, 0, 0]
2026-02-21 17:13:29,625 - script_name - INFO - [0, 0, 0, 0, 0, 1, 0, 0, 0, 0, 1, 1, 0, 1, 0, 0, 0, 0, 1, 0, 1, 0, 0, 0, 0, 1, 0, 1, 0, 0, 1, 0, 1, 0]
2026-02-21 17:13:29,625 - script_name - INFO - [1, 0, 0, 1, 0, 1, 0, 0, 0, 1, 0, 0, 0, 0, 0, 0, 0, 0, 2, 0, 1, 0, 0, 0, 0, 0, 0, 0, 0, 1, 0, 1, 0, 1]
2026-02-21 17:13:29,625 - script_name - INFO - [1, 0, 0, 0, 0, 0, 0, 0, 2, 0, 0, 0, 0, 1, 0, 0, 2, 0, 0, 2, 0, 0, 0, 0, 0, 0, 0, 0, 0, 0, 1, 0, 0, 1]
2026-02-21 17:13:29,625 - script_name - INFO - [0, 0, 0, 0, 0, 0, 0, 0, 0, 0, 1, 0, 0, 1, 0, 1, 0, 0, 0, 0, 2, 0, 0, 1, 0, 1, 1, 0, 0, 0, 0, 0, 2, 0]
2026-02-21 17:13:29,625 - script_name - INFO - [0, 2, 0, 1, 0, 0, 1, 0, 0, 0, 0, 0, 0, 0, 0, 0, 0, 0, 0, 0, 0, 3, 0, 0, 0, 0, 1, 1, 0, 0, 0, 1, 0, 0]
2026-02-21 17:13:29,625 - script_name - INFO - [0, 0, 0, 0, 3, 0, 0, 2, 1, 1, 1, 0, 0, 0, 0, 0, 0, 0, 1, 0, 0, 0, 0, 0, 0, 0, 0, 0, 0, 0, 0, 1, 0, 0]
2026-02-21 17:13:29,625 - script_name - INFO - [0, 0, 0, 0, 0, 0, 1, 0, 0, 0, 1, 0, 1, 0, 0, 0, 1, 0, 1, 0, 0, 0, 1, 2, 0, 0, 0, 0, 0, 1, 0, 1, 0, 0]
2026-02-21 17:13:29,625 - script_name - INFO - [0, 1, 0, 0, 0, 0, 1, 1, 0, 0, 0, 0, 0, 0, 0, 3, 0, 0, 0, 1, 0, 0, 0, 1, 1, 1, 0, 0, 0, 0, 0, 0, 0, 0]
2026-02-21 17:13:29,625 - script_name - INFO - [0, 0, 0, 1, 0, 0, 0, 0, 0, 0, 0, 0, 1, 0, 0, 1, 1, 0, 0, 0, 1, 0, 1, 0, 0, 2, 1, 0, 0, 0, 0, 0, 0, 1]
2026-02-21 17:13:29,625 - script_name - INFO - [1, 0, 0, 0, 0, 0, 1, 1, 0, 1, 0, 0, 0, 1, 0, 0, 0, 0, 1, 0, 1, 1, 0, 0, 0, 0, 1, 0, 1, 0, 0, 0, 0, 0]
2026-02-21 17:13:29,625 - script_name - INFO - [0, 0, 0, 0, 1, 1, 0, 0, 1, 1, 0, 0, 0, 0, 0, 0, 0, 0, 0, 1, 0, 0, 0, 0, 1, 0, 0, 1, 0, 0, 0, 2, 1, 0]
2026-02-21 17:13:29,625 - script_name - INFO - [0, 0, 0, 0, 0, 0, 2, 0, 1, 0, 0, 0, 0, 1, 0, 1, 0, 0, 1, 0, 0, 0, 0, 0, 0, 0, 0, 1, 1, 0, 0, 1, 1, 0]
2026-02-21 17:13:29,625 - script_name - INFO - [1, 0, 0, 1, 1, 0, 0, 1, 0, 0, 1, 0, 0, 0, 0, 0, 0, 0, 2, 0, 0, 0, 0, 0, 0, 0, 1, 0, 1, 1, 0, 0, 0, 0]
2026-02-21 17:13:29,625 - script_name - INFO - [0, 0, 0, 0, 0, 0, 0, 2, 0, 2, 1, 1, 0, 0, 0, 0, 0, 0, 0, 0, 0, 0, 0, 0, 0, 0, 0, 1, 0, 0, 3, 0, 0, 0]
2026-02-21 17:13:29,625 - script_name - INFO - [0, 2, 0, 0, 1, 1, 0, 1, 0, 0, 0, 0, 0, 0, 0, 0, 0, 0, 0, 0, 0, 0, 0, 0, 0, 0, 1, 0, 0, 1, 0, 3, 0, 0]
2026-02-21 17:13:29,625 - script_name - INFO - [0, 0, 0, 0, 0, 1, 0, 1, 0, 1, 1, 0, 0, 0, 1, 0, 0, 0, 1, 0, 0, 0, 0, 0, 3, 0, 1, 0, 0, 0, 0, 0, 0, 0]
2026-02-21 17:13:29,625 - script_name - INFO - [0, 0, 0, 0, 0, 0, 1, 0, 1, 1, 0, 0, 0, 1, 1, 1, 0, 0, 0, 1, 0, 0, 0, 0, 1, 0, 0, 0, 0, 0, 1, 0, 0, 1]
2026-02-21 17:13:29,625 - script_name - INFO - Classification Report:
2026-02-21 17:13:29,638 - script_name - INFO - {
  "Baked Potato": {
    "precision": 0.2727272727272727,
    "recall": 0.3,
    "f1-score": 0.2857142857142857,
    "support": 10.0
  },
  "Crispy Chicken": {
    "precision": 0.0,
    "recall": 0.0,
    "f1-score": 0.0,
    "support": 10.0
  },
  "Donut": {
    "precision": 0.5555555555555556,
    "recall": 0.5,
    "f1-score": 0.5263157894736842,
    "support": 10.0
  },
  "Fries": {
    "precision": 0.14285714285714285,
    "recall": 0.1,
    "f1-score": 0.11764705882352941,
    "support": 10.0
  },
  "Hot Dog": {
    "precision": 0.08333333333333333,
    "recall": 0.1,
    "f1-score": 0.09090909090909091,
    "support": 10.0
  },
  "Sandwich": {
    "precision": 0.0,
    "recall": 0.0,
    "f1-score": 0.0,
    "support": 10.0
  },
  "Taco": {
    "precision": 0.07142857142857142,
    "recall": 0.1,
    "f1-score": 0.08333333333333333,
    "support": 10.0
  },
  "Taquito": {
    "precision": 0.05555555555555555,
    "recall": 0.1,
    "f1-score": 0.07142857142857142,
    "support": 10.0
  },
  "apple_pie": {
    "precision": 0.0,
    "recall": 0.0,
    "f1-score": 0.0,
    "support": 10.0
  },
  "burger": {
    "precision": 0.25,
    "recall": 0.4,
    "f1-score": 0.3076923076923077,
    "support": 10.0
  },
  "butter_naan": {
    "precision": 0.09090909090909091,
    "recall": 0.1,
    "f1-score": 0.09523809523809523,
    "support": 10.0
  },
  "chai": {
    "precision": 0.0,
    "recall": 0.0,
    "f1-score": 0.0,
    "support": 10.0
  },
  "chapati": {
    "precision": 0.3333333333333333,
    "recall": 0.1,
    "f1-score": 0.15384615384615385,
    "support": 10.0
  },
  "cheesecake": {
    "precision": 0.2,
    "recall": 0.2,
    "f1-score": 0.2,
    "support": 10.0
  },
  "chicken_curry": {
    "precision": 0.0,
    "recall": 0.0,
    "f1-score": 0.0,
    "support": 10.0
  },
  "chole_bhature": {
    "precision": 0.07692307692307693,
    "recall": 0.1,
    "f1-score": 0.08695652173913043,
    "support": 10.0
  },
  "dal_makhani": {
    "precision": 0.08333333333333333,
    "recall": 0.1,
    "f1-score": 0.09090909090909091,
    "support": 10.0
  },
  "dhokla": {
    "precision": 0.0,
    "recall": 0.0,
    "f1-score": 0.0,
    "support": 10.0
  },
  "fried_rice": {
    "precision": 0.13333333333333333,
    "recall": 0.2,
    "f1-score": 0.16,
    "support": 10.0
  },
  "ice_cream": {
    "precision": 0.18181818181818182,
    "recall": 0.2,
    "f1-score": 0.19047619047619047,
    "support": 10.0
  },
  "idli": {
    "precision": 0.14285714285714285,
    "recall": 0.2,
    "f1-score": 0.16666666666666666,
    "support": 10.0
  },
  "jalebi": {
    "precision": 0.3,
    "recall": 0.3,
    "f1-score": 0.3,
    "support": 10.0
  },
  "kaathi_rolls": {
    "precision": 0.0,
    "recall": 0.0,
    "f1-score": 0.0,
    "support": 10.0
  },
  "kadai_paneer": {
    "precision": 0.2857142857142857,
    "recall": 0.2,
    "f1-score": 0.23529411764705882,
    "support": 10.0
  },
  "kulfi": {
    "precision": 0.125,
    "recall": 0.1,
    "f1-score": 0.1111111111111111,
    "support": 10.0
  },
  "masala_dosa": {
    "precision": 0.25,
    "recall": 0.2,
    "f1-score": 0.2222222222222222,
    "support": 10.0
  },
  "momos": {
    "precision": 0.1,
    "recall": 0.1,
    "f1-score": 0.1,
    "support": 10.0
  },
  "omelette": {
    "precision": 0.125,
    "recall": 0.1,
    "f1-score": 0.1111111111111111,
    "support": 10.0
  },
  "paani_puri": {
    "precision": 0.125,
    "recall": 0.1,
    "f1-score": 0.1111111111111111,
    "support": 10.0
  },
  "pakode": {
    "precision": 0.14285714285714285,
    "recall": 0.1,
    "f1-score": 0.11764705882352941,
    "support": 10.0
  },
  "pav_bhaji": {
    "precision": 0.2,
    "recall": 0.3,
    "f1-score": 0.24,
    "support": 10.0
  },
  "pizza": {
    "precision": 0.1875,
    "recall": 0.3,
    "f1-score": 0.23076923076923078,
    "support": 10.0
  },
  "samosa": {
    "precision": 0.0,
    "recall": 0.0,
    "f1-score": 0.0,
    "support": 10.0
  },
  "sushi": {
    "precision": 0.1111111111111111,
    "recall": 0.1,
    "f1-score": 0.10526315789473684,
    "support": 10.0
  },
  "accuracy": 0.13823529411764707,
  "macro avg": {
    "precision": 0.1360631606955136,
    "recall": 0.13823529411764707,
    "f1-score": 0.1326959493217718,
    "support": 340.0
  },
  "weighted avg": {
    "precision": 0.13606316069551364,
    "recall": 0.13823529411764707,
    "f1-score": 0.1326959493217718,
    "support": 340.0
  }
}
2026-02-21 17:13:29,638 - script_name - INFO - ====================================================

2026-02-21 17:13:29,638 - script_name - INFO - ====================================================
2026-02-21 17:13:29,638 - script_name - INFO - KEY: vgg16_results
2026-02-21 17:13:29,641 - script_name - INFO - ----------------------------------------------------
2026-02-21 17:13:29,641 - script_name - INFO - Train Accuracy : 0.9805882573127747
2026-02-21 17:13:29,641 - script_name - INFO - Val Accuracy   : 0.6705882549285889
2026-02-21 17:13:29,641 - script_name - INFO - Test Accuracy  : 0.6470588445663452
2026-02-21 17:13:29,641 - script_name - INFO - Train Loss : 0.13083545863628387
2026-02-21 17:13:29,641 - script_name - INFO - Val Loss   : 1.332129955291748
2026-02-21 17:13:29,641 - script_name - INFO - Test Loss  : 1.3960081338882446
2026-02-21 17:13:29,641 - script_name - INFO - Confusion Matrix:
2026-02-21 17:13:29,641 - script_name - INFO - [7, 0, 0, 1, 0, 0, 1, 0, 0, 0, 0, 0, 0, 0, 0, 0, 0, 0, 0, 0, 0, 0, 0, 0, 0, 0, 0, 0, 0, 1, 0, 0, 0, 0]
2026-02-21 17:13:29,641 - script_name - INFO - [0, 3, 0, 0, 0, 1, 0, 0, 0, 0, 0, 0, 0, 0, 0, 0, 0, 0, 0, 0, 0, 0, 0, 2, 0, 0, 1, 0, 0, 2, 0, 1, 0, 0]
2026-02-21 17:13:29,641 - script_name - INFO - [0, 0, 5, 0, 1, 0, 1, 0, 0, 0, 0, 0, 0, 0, 0, 0, 0, 0, 0, 0, 1, 0, 0, 0, 0, 0, 0, 0, 2, 0, 0, 0, 0, 0]
2026-02-21 17:13:29,641 - script_name - INFO - [0, 0, 0, 7, 2, 0, 1, 0, 0, 0, 0, 0, 0, 0, 0, 0, 0, 0, 0, 0, 0, 0, 0, 0, 0, 0, 0, 0, 0, 0, 0, 0, 0, 0]
2026-02-21 17:13:29,641 - script_name - INFO - [0, 0, 0, 0, 8, 0, 1, 0, 0, 0, 0, 0, 0, 0, 0, 0, 0, 0, 0, 0, 0, 0, 0, 0, 0, 0, 0, 0, 0, 0, 0, 0, 0, 1]
2026-02-21 17:13:29,641 - script_name - INFO - [0, 0, 0, 1, 0, 7, 0, 1, 0, 0, 0, 0, 0, 0, 0, 0, 0, 0, 0, 0, 0, 0, 0, 0, 0, 0, 0, 0, 0, 0, 1, 0, 0, 0]
2026-02-21 17:13:29,641 - script_name - INFO - [1, 0, 0, 0, 0, 0, 3, 1, 0, 0, 0, 0, 0, 0, 0, 1, 0, 1, 0, 0, 0, 0, 2, 0, 0, 0, 0, 0, 0, 0, 0, 1, 0, 0]
2026-02-21 17:13:29,641 - script_name - INFO - [0, 0, 0, 0, 1, 0, 0, 5, 0, 0, 0, 0, 0, 0, 0, 0, 0, 0, 1, 0, 0, 0, 1, 0, 2, 0, 0, 0, 0, 0, 0, 0, 0, 0]
2026-02-21 17:13:29,641 - script_name - INFO - [0, 0, 0, 0, 0, 0, 0, 0, 3, 0, 0, 0, 0, 3, 1, 0, 0, 0, 0, 2, 0, 0, 0, 0, 0, 0, 0, 0, 0, 0, 0, 0, 0, 1]
2026-02-21 17:13:29,644 - script_name - INFO - [0, 0, 0, 0, 0, 2, 0, 0, 0, 8, 0, 0, 0, 0, 0, 0, 0, 0, 0, 0, 0, 0, 0, 0, 0, 0, 0, 0, 0, 0, 0, 0, 0, 0]
2026-02-21 17:13:29,644 - script_name - INFO - [1, 0, 0, 0, 0, 0, 0, 0, 0, 0, 8, 0, 0, 0, 1, 0, 0, 0, 0, 0, 0, 0, 0, 0, 0, 0, 0, 0, 0, 0, 0, 0, 0, 0]
2026-02-21 17:13:29,644 - script_name - INFO - [0, 0, 0, 0, 0, 0, 0, 0, 0, 0, 0, 8, 0, 0, 0, 0, 1, 0, 0, 0, 0, 0, 0, 0, 0, 0, 0, 0, 1, 0, 0, 0, 0, 0]
2026-02-21 17:13:29,644 - script_name - INFO - [0, 0, 0, 0, 0, 0, 0, 0, 1, 0, 4, 0, 5, 0, 0, 0, 0, 0, 0, 0, 0, 0, 0, 0, 0, 0, 0, 0, 0, 0, 0, 0, 0, 0]
2026-02-21 17:13:29,644 - script_name - INFO - [0, 0, 0, 0, 0, 0, 0, 0, 2, 0, 0, 0, 0, 7, 0, 0, 0, 0, 0, 0, 0, 0, 0, 0, 0, 0, 0, 0, 0, 0, 0, 0, 0, 1]
2026-02-21 17:13:29,644 - script_name - INFO - [1, 0, 0, 0, 0, 0, 1, 0, 0, 0, 0, 0, 0, 0, 6, 0, 0, 0, 0, 0, 0, 0, 0, 0, 0, 0, 0, 1, 0, 0, 0, 0, 1, 0]
2026-02-21 17:13:29,644 - script_name - INFO - [0, 0, 0, 0, 0, 0, 0, 0, 0, 0, 0, 0, 0, 0, 0, 8, 0, 0, 0, 0, 0, 0, 0, 0, 0, 0, 1, 0, 0, 0, 1, 0, 0, 0]
2026-02-21 17:13:29,644 - script_name - INFO - [0, 0, 0, 0, 0, 0, 0, 0, 0, 0, 0, 0, 1, 0, 0, 1, 6, 0, 0, 0, 1, 0, 0, 0, 0, 0, 0, 0, 0, 0, 1, 0, 0, 0]
2026-02-21 17:13:29,644 - script_name - INFO - [0, 0, 0, 0, 0, 0, 0, 0, 0, 0, 0, 0, 0, 0, 0, 0, 0, 7, 0, 0, 0, 0, 0, 0, 1, 0, 0, 0, 1, 0, 0, 0, 0, 1]
2026-02-21 17:13:29,644 - script_name - INFO - [1, 0, 0, 0, 0, 0, 0, 0, 0, 0, 0, 0, 0, 0, 1, 0, 0, 0, 7, 0, 0, 0, 0, 0, 0, 0, 0, 1, 0, 0, 0, 0, 0, 0]
2026-02-21 17:13:29,644 - script_name - INFO - [0, 0, 0, 0, 0, 0, 0, 0, 0, 0, 0, 0, 1, 0, 0, 1, 0, 0, 0, 7, 0, 0, 0, 0, 0, 0, 0, 0, 0, 0, 0, 0, 0, 1]
2026-02-21 17:13:29,644 - script_name - INFO - [0, 0, 0, 0, 0, 0, 0, 0, 0, 0, 0, 0, 0, 0, 0, 0, 0, 0, 0, 0, 7, 0, 0, 0, 0, 1, 0, 0, 2, 0, 0, 0, 0, 0]
2026-02-21 17:13:29,644 - script_name - INFO - [0, 0, 0, 0, 0, 0, 0, 0, 1, 0, 0, 0, 0, 0, 0, 0, 0, 0, 0, 0, 0, 8, 0, 0, 0, 0, 1, 0, 0, 0, 0, 0, 0, 0]
2026-02-21 17:13:29,644 - script_name - INFO - [0, 0, 0, 0, 0, 0, 2, 1, 0, 0, 0, 0, 0, 0, 0, 0, 0, 0, 0, 0, 0, 0, 5, 0, 0, 1, 0, 1, 0, 0, 0, 0, 0, 0]
2026-02-21 17:13:29,644 - script_name - INFO - [0, 0, 0, 0, 0, 0, 0, 0, 0, 0, 0, 0, 0, 0, 0, 0, 0, 2, 0, 0, 0, 0, 0, 5, 0, 0, 0, 0, 0, 2, 0, 1, 0, 0]
2026-02-21 17:13:29,644 - script_name - INFO - [1, 0, 0, 0, 0, 0, 0, 0, 0, 0, 0, 0, 0, 0, 0, 0, 0, 1, 0, 0, 0, 0, 0, 0, 7, 0, 0, 0, 0, 0, 0, 0, 0, 1]
2026-02-21 17:13:29,644 - script_name - INFO - [0, 0, 0, 0, 0, 0, 0, 0, 0, 0, 0, 0, 1, 0, 0, 0, 0, 0, 0, 0, 0, 0, 0, 0, 0, 8, 0, 0, 0, 0, 1, 0, 0, 0]
2026-02-21 17:13:29,644 - script_name - INFO - [0, 0, 0, 0, 0, 0, 1, 0, 0, 0, 0, 0, 0, 0, 0, 0, 0, 0, 0, 1, 0, 0, 0, 0, 0, 0, 8, 0, 0, 0, 0, 0, 0, 0]
2026-02-21 17:13:29,644 - script_name - INFO - [0, 0, 0, 0, 0, 0, 0, 0, 1, 0, 0, 0, 0, 1, 1, 0, 0, 0, 0, 1, 0, 0, 0, 0, 0, 0, 0, 5, 0, 1, 0, 0, 0, 0]
2026-02-21 17:13:29,644 - script_name - INFO - [0, 0, 0, 0, 0, 0, 1, 0, 0, 0, 0, 0, 0, 0, 0, 1, 0, 0, 0, 0, 0, 0, 0, 0, 0, 0, 1, 0, 7, 0, 0, 0, 0, 0]
2026-02-21 17:13:29,644 - script_name - INFO - [0, 0, 0, 0, 0, 0, 0, 0, 0, 0, 0, 0, 0, 0, 0, 0, 0, 1, 0, 0, 1, 0, 0, 0, 0, 0, 1, 0, 0, 7, 0, 0, 0, 0]
2026-02-21 17:13:29,644 - script_name - INFO - [0, 0, 0, 0, 0, 0, 1, 0, 0, 0, 0, 0, 0, 0, 0, 0, 0, 0, 0, 1, 0, 0, 0, 0, 0, 0, 0, 0, 0, 0, 8, 0, 0, 0]
2026-02-21 17:13:29,644 - script_name - INFO - [1, 0, 0, 0, 0, 0, 0, 0, 0, 0, 1, 0, 0, 0, 0, 0, 0, 0, 1, 0, 0, 0, 0, 1, 0, 0, 0, 0, 0, 0, 0, 6, 0, 0]
2026-02-21 17:13:29,644 - script_name - INFO - [0, 1, 0, 0, 0, 0, 0, 0, 0, 0, 0, 0, 0, 0, 0, 0, 0, 0, 0, 0, 0, 0, 1, 0, 0, 0, 0, 0, 0, 0, 0, 0, 8, 0]
2026-02-21 17:13:29,644 - script_name - INFO - [0, 0, 0, 0, 0, 0, 1, 0, 2, 0, 0, 0, 0, 0, 0, 0, 0, 0, 0, 1, 0, 0, 0, 0, 0, 0, 0, 0, 0, 0, 0, 0, 0, 6]
2026-02-21 17:13:29,644 - script_name - INFO - Classification Report:
2026-02-21 17:13:29,644 - script_name - INFO - {
  "Baked Potato": {
    "precision": 0.5384615384615384,
    "recall": 0.7,
    "f1-score": 0.6086956521739131,
    "support": 10.0
  },
  "Crispy Chicken": {
    "precision": 0.75,
    "recall": 0.3,
    "f1-score": 0.42857142857142855,
    "support": 10.0
  },
  "Donut": {
    "precision": 1.0,
    "recall": 0.5,
    "f1-score": 0.6666666666666666,
    "support": 10.0
  },
  "Fries": {
    "precision": 0.7777777777777778,
    "recall": 0.7,
    "f1-score": 0.7368421052631579,
    "support": 10.0
  },
  "Hot Dog": {
    "precision": 0.6666666666666666,
    "recall": 0.8,
    "f1-score": 0.7272727272727273,
    "support": 10.0
  },
  "Sandwich": {
    "precision": 0.7,
    "recall": 0.7,
    "f1-score": 0.7,
    "support": 10.0
  },
  "Taco": {
    "precision": 0.21428571428571427,
    "recall": 0.3,
    "f1-score": 0.25,
    "support": 10.0
  },
  "Taquito": {
    "precision": 0.625,
    "recall": 0.5,
    "f1-score": 0.5555555555555556,
    "support": 10.0
  },
  "apple_pie": {
    "precision": 0.3,
    "recall": 0.3,
    "f1-score": 0.3,
    "support": 10.0
  },
  "burger": {
    "precision": 1.0,
    "recall": 0.8,
    "f1-score": 0.8888888888888888,
    "support": 10.0
  },
  "butter_naan": {
    "precision": 0.6153846153846154,
    "recall": 0.8,
    "f1-score": 0.6956521739130435,
    "support": 10.0
  },
  "chai": {
    "precision": 1.0,
    "recall": 0.8,
    "f1-score": 0.8888888888888888,
    "support": 10.0
  },
  "chapati": {
    "precision": 0.625,
    "recall": 0.5,
    "f1-score": 0.5555555555555556,
    "support": 10.0
  },
  "cheesecake": {
    "precision": 0.6363636363636364,
    "recall": 0.7,
    "f1-score": 0.6666666666666666,
    "support": 10.0
  },
  "chicken_curry": {
    "precision": 0.6,
    "recall": 0.6,
    "f1-score": 0.6,
    "support": 10.0
  },
  "chole_bhature": {
    "precision": 0.6666666666666666,
    "recall": 0.8,
    "f1-score": 0.7272727272727273,
    "support": 10.0
  },
  "dal_makhani": {
    "precision": 0.8571428571428571,
    "recall": 0.6,
    "f1-score": 0.7058823529411765,
    "support": 10.0
  },
  "dhokla": {
    "precision": 0.5833333333333334,
    "recall": 0.7,
    "f1-score": 0.6363636363636364,
    "support": 10.0
  },
  "fried_rice": {
    "precision": 0.7777777777777778,
    "recall": 0.7,
    "f1-score": 0.7368421052631579,
    "support": 10.0
  },
  "ice_cream": {
    "precision": 0.5384615384615384,
    "recall": 0.7,
    "f1-score": 0.6086956521739131,
    "support": 10.0
  },
  "idli": {
    "precision": 0.7,
    "recall": 0.7,
    "f1-score": 0.7,
    "support": 10.0
  },
  "jalebi": {
    "precision": 1.0,
    "recall": 0.8,
    "f1-score": 0.8888888888888888,
    "support": 10.0
  },
  "kaathi_rolls": {
    "precision": 0.5555555555555556,
    "recall": 0.5,
    "f1-score": 0.5263157894736842,
    "support": 10.0
  },
  "kadai_paneer": {
    "precision": 0.625,
    "recall": 0.5,
    "f1-score": 0.5555555555555556,
    "support": 10.0
  },
  "kulfi": {
    "precision": 0.7,
    "recall": 0.7,
    "f1-score": 0.7,
    "support": 10.0
  },
  "masala_dosa": {
    "precision": 0.8,
    "recall": 0.8,
    "f1-score": 0.8,
    "support": 10.0
  },
  "momos": {
    "precision": 0.6153846153846154,
    "recall": 0.8,
    "f1-score": 0.6956521739130435,
    "support": 10.0
  },
  "omelette": {
    "precision": 0.625,
    "recall": 0.5,
    "f1-score": 0.5555555555555556,
    "support": 10.0
  },
  "paani_puri": {
    "precision": 0.5384615384615384,
    "recall": 0.7,
    "f1-score": 0.6086956521739131,
    "support": 10.0
  },
  "pakode": {
    "precision": 0.5384615384615384,
    "recall": 0.7,
    "f1-score": 0.6086956521739131,
    "support": 10.0
  },
  "pav_bhaji": {
    "precision": 0.6666666666666666,
    "recall": 0.8,
    "f1-score": 0.7272727272727273,
    "support": 10.0
  },
  "pizza": {
    "precision": 0.6666666666666666,
    "recall": 0.6,
    "f1-score": 0.631578947368421,
    "support": 10.0
  },
  "samosa": {
    "precision": 0.8888888888888888,
    "recall": 0.8,
    "f1-score": 0.8421052631578947,
    "support": 10.0
  },
  "sushi": {
    "precision": 0.5,
    "recall": 0.6,
    "f1-score": 0.5454545454545454,
    "support": 10.0
  },
  "accuracy": 0.6470588235294118,
  "macro avg": {
    "precision": 0.6733061056590469,
    "recall": 0.6470588235294119,
    "f1-score": 0.6491201039535073,
    "support": 340.0
  },
  "weighted avg": {
    "precision": 0.6733061056590468,
    "recall": 0.6470588235294118,
    "f1-score": 0.6491201039535073,
    "support": 340.0
  }
}
2026-02-21 17:13:29,644 - script_name - INFO - ====================================================

2026-02-21 17:13:29,644 - script_name - INFO - ====================================================
2026-02-21 17:13:29,644 - script_name - INFO - KEY: resnet50_results
2026-02-21 17:13:29,644 - script_name - INFO - ----------------------------------------------------
2026-02-21 17:13:29,644 - script_name - INFO - Train Accuracy : 0.9973529577255249
2026-02-21 17:13:29,644 - script_name - INFO - Val Accuracy   : 0.7847058773040771
2026-02-21 17:13:29,644 - script_name - INFO - Test Accuracy  : 0.7735294103622437
2026-02-21 17:13:29,644 - script_name - INFO - Train Loss : 0.040845196694135666
2026-02-21 17:13:29,644 - script_name - INFO - Val Loss   : 0.7698942422866821
2026-02-21 17:13:29,644 - script_name - INFO - Test Loss  : 0.8879525661468506
2026-02-21 17:13:29,644 - script_name - INFO - Confusion Matrix:
2026-02-21 17:13:29,644 - script_name - INFO - [7, 0, 0, 1, 0, 1, 0, 1, 0, 0, 0, 0, 0, 0, 0, 0, 0, 0, 0, 0, 0, 0, 0, 0, 0, 0, 0, 0, 0, 0, 0, 0, 0, 0]
2026-02-21 17:13:29,644 - script_name - INFO - [1, 5, 0, 0, 0, 0, 0, 1, 0, 1, 0, 0, 0, 0, 0, 0, 0, 0, 1, 0, 0, 0, 0, 1, 0, 0, 0, 0, 0, 0, 0, 0, 0, 0]
2026-02-21 17:13:29,644 - script_name - INFO - [0, 0, 9, 0, 1, 0, 0, 0, 0, 0, 0, 0, 0, 0, 0, 0, 0, 0, 0, 0, 0, 0, 0, 0, 0, 0, 0, 0, 0, 0, 0, 0, 0, 0]
2026-02-21 17:13:29,644 - script_name - INFO - [0, 0, 0, 7, 0, 0, 0, 0, 0, 0, 0, 0, 0, 0, 0, 0, 0, 0, 0, 0, 0, 0, 0, 1, 2, 0, 0, 0, 0, 0, 0, 0, 0, 0]
2026-02-21 17:13:29,644 - script_name - INFO - [0, 0, 0, 0, 7, 0, 1, 0, 0, 0, 0, 0, 0, 1, 0, 0, 0, 0, 0, 0, 0, 0, 0, 0, 0, 0, 0, 1, 0, 0, 0, 0, 0, 0]
2026-02-21 17:13:29,644 - script_name - INFO - [0, 0, 0, 0, 0, 7, 1, 1, 0, 0, 0, 0, 0, 0, 0, 0, 0, 0, 0, 0, 0, 0, 0, 0, 0, 0, 0, 0, 0, 0, 1, 0, 0, 0]
2026-02-21 17:13:29,644 - script_name - INFO - [3, 1, 0, 0, 0, 0, 3, 2, 0, 0, 0, 0, 0, 0, 0, 0, 0, 0, 0, 0, 0, 0, 1, 0, 0, 0, 0, 0, 0, 0, 0, 0, 0, 0]
2026-02-21 17:13:29,644 - script_name - INFO - [0, 1, 0, 0, 1, 0, 0, 7, 0, 0, 0, 0, 0, 0, 0, 0, 0, 0, 0, 0, 0, 0, 0, 0, 0, 1, 0, 0, 0, 0, 0, 0, 0, 0]
2026-02-21 17:13:29,644 - script_name - INFO - [0, 0, 0, 0, 0, 0, 0, 0, 8, 0, 0, 0, 0, 1, 0, 0, 0, 0, 0, 0, 0, 0, 0, 0, 0, 0, 0, 0, 0, 0, 0, 0, 0, 1]
2026-02-21 17:13:29,644 - script_name - INFO - [0, 0, 0, 0, 0, 0, 0, 0, 0, 9, 0, 0, 0, 0, 0, 0, 0, 0, 0, 0, 0, 0, 0, 0, 0, 0, 0, 0, 1, 0, 0, 0, 0, 0]
2026-02-21 17:13:29,644 - script_name - INFO - [0, 0, 0, 0, 0, 0, 0, 0, 0, 0, 10, 0, 0, 0, 0, 0, 0, 0, 0, 0, 0, 0, 0, 0, 0, 0, 0, 0, 0, 0, 0, 0, 0, 0]
2026-02-21 17:13:29,644 - script_name - INFO - [0, 0, 1, 0, 0, 0, 0, 0, 0, 0, 0, 8, 0, 0, 0, 0, 0, 0, 0, 0, 0, 0, 0, 0, 0, 0, 0, 0, 0, 1, 0, 0, 0, 0]
2026-02-21 17:13:29,644 - script_name - INFO - [1, 0, 0, 0, 0, 0, 0, 0, 0, 0, 1, 0, 7, 0, 0, 1, 0, 0, 0, 0, 0, 0, 0, 0, 0, 0, 0, 0, 0, 0, 0, 0, 0, 0]
2026-02-21 17:13:29,644 - script_name - INFO - [0, 0, 0, 0, 0, 0, 0, 0, 0, 0, 0, 0, 0, 7, 0, 0, 0, 0, 0, 2, 0, 0, 0, 0, 0, 0, 0, 0, 0, 0, 0, 0, 0, 1]
2026-02-21 17:13:29,644 - script_name - INFO - [0, 0, 0, 0, 0, 0, 0, 0, 0, 0, 0, 1, 0, 0, 6, 0, 0, 0, 0, 0, 0, 0, 0, 0, 0, 0, 0, 1, 0, 0, 0, 0, 1, 1]
2026-02-21 17:13:29,644 - script_name - INFO - [0, 0, 0, 0, 0, 0, 0, 0, 0, 0, 0, 0, 0, 0, 0, 9, 0, 0, 0, 0, 0, 0, 0, 0, 0, 0, 0, 1, 0, 0, 0, 0, 0, 0]
2026-02-21 17:13:29,644 - script_name - INFO - [0, 0, 0, 0, 0, 0, 0, 0, 0, 0, 0, 0, 0, 0, 0, 1, 9, 0, 0, 0, 0, 0, 0, 0, 0, 0, 0, 0, 0, 0, 0, 0, 0, 0]
2026-02-21 17:13:29,644 - script_name - INFO - [0, 0, 0, 0, 0, 0, 0, 0, 0, 0, 0, 0, 1, 0, 0, 0, 0, 8, 0, 1, 0, 0, 0, 0, 0, 0, 0, 0, 0, 0, 0, 0, 0, 0]
2026-02-21 17:13:29,644 - script_name - INFO - [0, 0, 0, 0, 0, 0, 0, 0, 0, 0, 0, 0, 0, 0, 0, 0, 1, 0, 8, 0, 0, 0, 0, 0, 0, 0, 0, 0, 0, 1, 0, 0, 0, 0]
2026-02-21 17:13:29,644 - script_name - INFO - [0, 0, 0, 0, 0, 0, 0, 0, 0, 0, 0, 0, 0, 0, 0, 0, 0, 0, 0, 10, 0, 0, 0, 0, 0, 0, 0, 0, 0, 0, 0, 0, 0, 0]
2026-02-21 17:13:29,644 - script_name - INFO - [0, 0, 0, 0, 0, 0, 0, 0, 0, 0, 0, 0, 0, 0, 0, 0, 0, 0, 0, 0, 10, 0, 0, 0, 0, 0, 0, 0, 0, 0, 0, 0, 0, 0]
2026-02-21 17:13:29,644 - script_name - INFO - [0, 0, 0, 0, 0, 0, 0, 0, 0, 0, 0, 0, 0, 0, 0, 0, 0, 0, 0, 0, 0, 9, 0, 0, 0, 0, 1, 0, 0, 0, 0, 0, 0, 0]
2026-02-21 17:13:29,644 - script_name - INFO - [0, 0, 0, 0, 1, 0, 0, 2, 0, 0, 0, 0, 0, 0, 0, 0, 0, 0, 0, 0, 0, 0, 4, 0, 1, 0, 2, 0, 0, 0, 0, 0, 0, 0]
2026-02-21 17:13:29,644 - script_name - INFO - [0, 0, 0, 0, 0, 0, 0, 1, 0, 0, 0, 0, 0, 0, 0, 0, 0, 0, 0, 0, 0, 0, 0, 5, 0, 0, 0, 0, 0, 2, 0, 1, 0, 1]
2026-02-21 17:13:29,644 - script_name - INFO - [1, 0, 0, 0, 0, 0, 0, 0, 0, 0, 0, 0, 0, 0, 0, 0, 0, 0, 0, 0, 0, 0, 0, 0, 8, 0, 0, 0, 0, 0, 0, 0, 0, 1]
2026-02-21 17:13:29,644 - script_name - INFO - [0, 0, 0, 0, 0, 0, 0, 0, 0, 0, 0, 0, 0, 0, 0, 0, 0, 0, 0, 0, 0, 0, 0, 0, 0, 10, 0, 0, 0, 0, 0, 0, 0, 0]
2026-02-21 17:13:29,644 - script_name - INFO - [0, 0, 0, 0, 0, 0, 0, 0, 0, 0, 0, 0, 0, 0, 0, 0, 0, 0, 0, 0, 0, 0, 0, 0, 0, 0, 10, 0, 0, 0, 0, 0, 0, 0]
2026-02-21 17:13:29,644 - script_name - INFO - [0, 0, 0, 0, 0, 0, 0, 0, 1, 0, 0, 0, 0, 0, 0, 0, 0, 0, 0, 0, 0, 0, 0, 0, 0, 0, 0, 7, 0, 0, 0, 0, 1, 1]
2026-02-21 17:13:29,644 - script_name - INFO - [1, 0, 0, 0, 0, 0, 0, 0, 0, 0, 0, 0, 0, 0, 0, 0, 0, 0, 0, 0, 0, 0, 0, 0, 0, 0, 0, 0, 9, 0, 0, 0, 0, 0]
2026-02-21 17:13:29,644 - script_name - INFO - [0, 0, 0, 0, 0, 0, 0, 0, 0, 0, 0, 0, 0, 0, 0, 0, 0, 0, 0, 0, 1, 0, 0, 0, 0, 0, 0, 0, 1, 8, 0, 0, 0, 0]
2026-02-21 17:13:29,644 - script_name - INFO - [1, 0, 0, 0, 0, 0, 0, 0, 0, 0, 0, 0, 0, 0, 0, 1, 0, 0, 0, 0, 0, 0, 0, 0, 0, 0, 0, 0, 0, 0, 8, 0, 0, 0]
2026-02-21 17:13:29,644 - script_name - INFO - [0, 1, 0, 0, 0, 0, 0, 0, 0, 0, 0, 0, 0, 0, 0, 0, 0, 0, 0, 0, 0, 0, 0, 0, 0, 0, 0, 0, 0, 0, 0, 9, 0, 0]
2026-02-21 17:13:29,644 - script_name - INFO - [0, 0, 0, 0, 0, 0, 0, 0, 0, 0, 0, 0, 0, 0, 0, 0, 0, 0, 0, 0, 0, 0, 2, 0, 0, 0, 0, 0, 0, 0, 0, 0, 8, 0]
2026-02-21 17:13:29,644 - script_name - INFO - [0, 0, 0, 0, 0, 0, 0, 0, 0, 0, 0, 0, 0, 0, 0, 0, 0, 0, 0, 0, 0, 0, 0, 0, 1, 0, 0, 2, 0, 0, 0, 0, 0, 7]
2026-02-21 17:13:29,644 - script_name - INFO - Classification Report:
2026-02-21 17:13:29,644 - script_name - INFO - {
  "Baked Potato": {
    "precision": 0.4666666666666667,
    "recall": 0.7,
    "f1-score": 0.56,
    "support": 10.0
  },
  "Crispy Chicken": {
    "precision": 0.625,
    "recall": 0.5,
    "f1-score": 0.5555555555555556,
    "support": 10.0
  },
  "Donut": {
    "precision": 0.9,
    "recall": 0.9,
    "f1-score": 0.9,
    "support": 10.0
  },
  "Fries": {
    "precision": 0.875,
    "recall": 0.7,
    "f1-score": 0.7777777777777778,
    "support": 10.0
  },
  "Hot Dog": {
    "precision": 0.7,
    "recall": 0.7,
    "f1-score": 0.7,
    "support": 10.0
  },
  "Sandwich": {
    "precision": 0.875,
    "recall": 0.7,
    "f1-score": 0.7777777777777778,
    "support": 10.0
  },
  "Taco": {
    "precision": 0.6,
    "recall": 0.3,
    "f1-score": 0.4,
    "support": 10.0
  },
  "Taquito": {
    "precision": 0.4666666666666667,
    "recall": 0.7,
    "f1-score": 0.56,
    "support": 10.0
  },
  "apple_pie": {
    "precision": 0.8888888888888888,
    "recall": 0.8,
    "f1-score": 0.8421052631578947,
    "support": 10.0
  },
  "burger": {
    "precision": 0.9,
    "recall": 0.9,
    "f1-score": 0.9,
    "support": 10.0
  },
  "butter_naan": {
    "precision": 0.9090909090909091,
    "recall": 1.0,
    "f1-score": 0.9523809523809523,
    "support": 10.0
  },
  "chai": {
    "precision": 0.8888888888888888,
    "recall": 0.8,
    "f1-score": 0.8421052631578947,
    "support": 10.0
  },
  "chapati": {
    "precision": 0.875,
    "recall": 0.7,
    "f1-score": 0.7777777777777778,
    "support": 10.0
  },
  "cheesecake": {
    "precision": 0.7777777777777778,
    "recall": 0.7,
    "f1-score": 0.7368421052631579,
    "support": 10.0
  },
  "chicken_curry": {
    "precision": 1.0,
    "recall": 0.6,
    "f1-score": 0.75,
    "support": 10.0
  },
  "chole_bhature": {
    "precision": 0.75,
    "recall": 0.9,
    "f1-score": 0.8181818181818182,
    "support": 10.0
  },
  "dal_makhani": {
    "precision": 0.9,
    "recall": 0.9,
    "f1-score": 0.9,
    "support": 10.0
  },
  "dhokla": {
    "precision": 1.0,
    "recall": 0.8,
    "f1-score": 0.8888888888888888,
    "support": 10.0
  },
  "fried_rice": {
    "precision": 0.8888888888888888,
    "recall": 0.8,
    "f1-score": 0.8421052631578947,
    "support": 10.0
  },
  "ice_cream": {
    "precision": 0.7692307692307693,
    "recall": 1.0,
    "f1-score": 0.8695652173913043,
    "support": 10.0
  },
  "idli": {
    "precision": 0.9090909090909091,
    "recall": 1.0,
    "f1-score": 0.9523809523809523,
    "support": 10.0
  },
  "jalebi": {
    "precision": 1.0,
    "recall": 0.9,
    "f1-score": 0.9473684210526315,
    "support": 10.0
  },
  "kaathi_rolls": {
    "precision": 0.5714285714285714,
    "recall": 0.4,
    "f1-score": 0.47058823529411764,
    "support": 10.0
  },
  "kadai_paneer": {
    "precision": 0.7142857142857143,
    "recall": 0.5,
    "f1-score": 0.5882352941176471,
    "support": 10.0
  },
  "kulfi": {
    "precision": 0.6666666666666666,
    "recall": 0.8,
    "f1-score": 0.7272727272727273,
    "support": 10.0
  },
  "masala_dosa": {
    "precision": 0.9090909090909091,
    "recall": 1.0,
    "f1-score": 0.9523809523809523,
    "support": 10.0
  },
  "momos": {
    "precision": 0.7692307692307693,
    "recall": 1.0,
    "f1-score": 0.8695652173913043,
    "support": 10.0
  },
  "omelette": {
    "precision": 0.5833333333333334,
    "recall": 0.7,
    "f1-score": 0.6363636363636364,
    "support": 10.0
  },
  "paani_puri": {
    "precision": 0.8181818181818182,
    "recall": 0.9,
    "f1-score": 0.8571428571428571,
    "support": 10.0
  },
  "pakode": {
    "precision": 0.6666666666666666,
    "recall": 0.8,
    "f1-score": 0.7272727272727273,
    "support": 10.0
  },
  "pav_bhaji": {
    "precision": 0.8888888888888888,
    "recall": 0.8,
    "f1-score": 0.8421052631578947,
    "support": 10.0
  },
  "pizza": {
    "precision": 0.9,
    "recall": 0.9,
    "f1-score": 0.9,
    "support": 10.0
  },
  "samosa": {
    "precision": 0.8,
    "recall": 0.8,
    "f1-score": 0.8,
    "support": 10.0
  },
  "sushi": {
    "precision": 0.5384615384615384,
    "recall": 0.7,
    "f1-score": 0.6086956521739131,
    "support": 10.0
  },
  "accuracy": 0.7735294117647059,
  "macro avg": {
    "precision": 0.7879830953360365,
    "recall": 0.7735294117647059,
    "f1-score": 0.7714833998961781,
    "support": 340.0
  },
  "weighted avg": {
    "precision": 0.7879830953360365,
    "recall": 0.7735294117647059,
    "f1-score": 0.7714833998961781,
    "support": 340.0
  }
}
2026-02-21 17:13:29,644 - script_name - INFO - ====================================================

2026-02-21 17:13:29,657 - script_name - INFO - 
================ END =================

